<?xml version="1.0" encoding="UTF-8"?>
<testsuites name="Mocha Tests" time="125.131" tests="3" failures="0">
  <testsuite name="Root Suite" timestamp="2022-12-22T10:57:02" tests="0" time="0.000" failures="0">
  </testsuite>
  <testsuite name="Editing and applying user personal data." timestamp="2022-12-22T10:57:02" tests="3" file="D:\framework\tests\user.spec.js" time="125.130" failures="0">
    <testcase name="Editing and applying user personal data. Should apply change of personal data." time="33.366" classname="Should apply change of personal data.">
    </testcase>
    <testcase name="Editing and applying user personal data. Should get sign in error." time="16.957" classname="Should get sign in error.">
    </testcase>
    <testcase name="Editing and applying user personal data. Should not apply change of personal data." time="49.866" classname="Should not apply change of personal data.">
    </testcase>
  </testsuite>
</testsuites>